This file contains any messages produced by compilers while
running configure, to aid debugging if configure makes a mistake.

It was created by amule-emc configure 0.5.2, which was
generated by GNU Autoconf 2.62.  Invocation command line was

  $ ./configure 

## --------- ##
## Platform. ##
## --------- ##

hostname = arch64
uname -m = i686
uname -r = 2.6.25-ARCH
uname -s = Linux
uname -v = #1 SMP PREEMPT Mon Jul 14 15:25:51 UTC 2008

/usr/bin/uname -p = unknown
/bin/uname -X     = unknown

/bin/arch              = i686
/usr/bin/arch -k       = unknown
/usr/convex/getsysinfo = unknown
/usr/bin/hostinfo      = unknown
/bin/machine           = unknown
/usr/bin/oslevel       = unknown
/bin/universe          = unknown

PATH: /bin
PATH: /usr/bin
PATH: /sbin
PATH: /usr/sbin
PATH: /opt/kde/bin
PATH: /opt/java/jre/bin
PATH: /opt/kde/bin
PATH: /usr/bin/perlbin/site
PATH: /usr/bin/perlbin/vendor
PATH: /usr/bin/perlbin/core
PATH: /opt/qt/bin
PATH: /opt/texlive/bin


## ----------- ##
## Core tests. ##
## ----------- ##

configure:1878: checking for a BSD-compatible install
configure:1946: result: /bin/install -c
configure:1957: checking whether build environment is sane
configure:2000: result: yes
configure:2025: checking for a thread-safe mkdir -p
configure:2064: result: /bin/mkdir -p
configure:2077: checking for gawk
configure:2093: found /bin/gawk
configure:2104: result: gawk
configure:2115: checking whether make sets $(MAKE)
configure:2137: result: yes
configure:2386: checking for g++
configure:2402: found /usr/bin/g++
configure:2413: result: g++
configure:2444: checking for C++ compiler version
configure:2452: g++ --version >&5
g++ (GCC) 4.3.1 20080724 (prerelease)
Copyright (C) 2008 Free Software Foundation, Inc.
This is free software; see the source for copying conditions.  There is NO
warranty; not even for MERCHANTABILITY or FITNESS FOR A PARTICULAR PURPOSE.

configure:2456: $? = 0
configure:2463: g++ -v >&5
Using built-in specs.
Target: i686-pc-linux-gnu
Configured with: ../configure --prefix=/usr --enable-shared --enable-languages=c,c++,fortran,objc,obj-c++,treelang --enable-threads=posix --mandir=/usr/share/man --enable-__cxa_atexit --disable-multilib --libdir=/usr/lib --libexecdir=/usr/lib --enable-clocale=gnu --disable-libstdcxx-pch --with-tune=generic
Thread model: posix
gcc version 4.3.1 20080724 (prerelease) (GCC) 
configure:2467: $? = 0
configure:2474: g++ -V >&5
g++: '-V' option must have argument
configure:2478: $? = 1
configure:2501: checking for C++ compiler default output file name
configure:2523: g++    conftest.cpp  >&5
configure:2527: $? = 0
configure:2565: result: a.out
configure:2582: checking whether the C++ compiler works
configure:2592: ./a.out
configure:2596: $? = 0
configure:2613: result: yes
configure:2620: checking whether we are cross compiling
configure:2622: result: no
configure:2625: checking for suffix of executables
configure:2632: g++ -o conftest    conftest.cpp  >&5
configure:2636: $? = 0
configure:2660: result: 
configure:2666: checking for suffix of object files
configure:2692: g++ -c   conftest.cpp >&5
configure:2696: $? = 0
configure:2719: result: o
configure:2723: checking whether we are using the GNU C++ compiler
configure:2752: g++ -c   conftest.cpp >&5
configure:2759: $? = 0
configure:2776: result: yes
configure:2785: checking whether g++ accepts -g
configure:2815: g++ -c -g  conftest.cpp >&5
configure:2822: $? = 0
configure:2923: result: yes
configure:2957: checking for style of include used by make
configure:2985: result: GNU
configure:3010: checking dependency style of g++
configure:3101: result: gcc3
configure:3164: checking for gcc
configure:3180: found /usr/bin/gcc
configure:3191: result: gcc
configure:3429: checking for C compiler version
configure:3437: gcc --version >&5
gcc (GCC) 4.3.1 20080724 (prerelease)
Copyright (C) 2008 Free Software Foundation, Inc.
This is free software; see the source for copying conditions.  There is NO
warranty; not even for MERCHANTABILITY or FITNESS FOR A PARTICULAR PURPOSE.

configure:3441: $? = 0
configure:3448: gcc -v >&5
Using built-in specs.
Target: i686-pc-linux-gnu
Configured with: ../configure --prefix=/usr --enable-shared --enable-languages=c,c++,fortran,objc,obj-c++,treelang --enable-threads=posix --mandir=/usr/share/man --enable-__cxa_atexit --disable-multilib --libdir=/usr/lib --libexecdir=/usr/lib --enable-clocale=gnu --disable-libstdcxx-pch --with-tune=generic
Thread model: posix
gcc version 4.3.1 20080724 (prerelease) (GCC) 
configure:3452: $? = 0
configure:3459: gcc -V >&5
gcc: '-V' option must have argument
configure:3463: $? = 1
configure:3466: checking whether we are using the GNU C compiler
configure:3495: gcc -c   conftest.c >&5
configure:3502: $? = 0
configure:3519: result: yes
configure:3528: checking whether gcc accepts -g
configure:3558: gcc -c -g  conftest.c >&5
configure:3565: $? = 0
configure:3666: result: yes
configure:3683: checking for gcc option to accept ISO C89
configure:3757: gcc  -c -g -O2  conftest.c >&5
configure:3764: $? = 0
configure:3787: result: none needed
configure:3807: checking dependency style of gcc
configure:3898: result: gcc3
configure:3927: checking for a BSD-compatible install
configure:3995: result: /bin/install -c
configure:4014: checking how to run the C preprocessor
configure:4054: gcc -E  conftest.c
configure:4061: $? = 0
configure:4092: gcc -E  conftest.c
conftest.c:10:28: error: ac_nonexistent.h: No such file or directory
configure:4099: $? = 1
configure: failed program was:
| /* confdefs.h.  */
| #define PACKAGE_NAME "amule-emc"
| #define PACKAGE_TARNAME "amule-emc"
| #define PACKAGE_VERSION "0.5.2"
| #define PACKAGE_STRING "amule-emc 0.5.2"
| #define PACKAGE_BUGREPORT "wuischke@amule.org"
| #define PACKAGE "amule-emc"
| #define VERSION "0.5.2"
| /* end confdefs.h.  */
| #include <ac_nonexistent.h>
configure:4132: result: gcc -E
configure:4161: gcc -E  conftest.c
configure:4168: $? = 0
configure:4199: gcc -E  conftest.c
conftest.c:10:28: error: ac_nonexistent.h: No such file or directory
configure:4206: $? = 1
configure: failed program was:
| /* confdefs.h.  */
| #define PACKAGE_NAME "amule-emc"
| #define PACKAGE_TARNAME "amule-emc"
| #define PACKAGE_VERSION "0.5.2"
| #define PACKAGE_STRING "amule-emc 0.5.2"
| #define PACKAGE_BUGREPORT "wuischke@amule.org"
| #define PACKAGE "amule-emc"
| #define VERSION "0.5.2"
| /* end confdefs.h.  */
| #include <ac_nonexistent.h>
configure:4244: checking for grep that handles long lines and -e
configure:4304: result: /bin/grep
configure:4309: checking for egrep
configure:4373: result: /bin/grep -E
configure:4378: checking for ANSI C header files
configure:4408: gcc -c -g -O2  conftest.c >&5
configure:4415: $? = 0
configure:4514: gcc -o conftest -g -O2   conftest.c  >&5
configure:4518: $? = 0
configure:4524: ./conftest
configure:4528: $? = 0
configure:4546: result: yes
configure:4570: checking for sys/types.h
configure:4591: gcc -c -g -O2  conftest.c >&5
configure:4598: $? = 0
configure:4615: result: yes
configure:4570: checking for sys/stat.h
configure:4591: gcc -c -g -O2  conftest.c >&5
configure:4598: $? = 0
configure:4615: result: yes
configure:4570: checking for stdlib.h
configure:4591: gcc -c -g -O2  conftest.c >&5
configure:4598: $? = 0
configure:4615: result: yes
configure:4570: checking for string.h
configure:4591: gcc -c -g -O2  conftest.c >&5
configure:4598: $? = 0
configure:4615: result: yes
configure:4570: checking for memory.h
configure:4591: gcc -c -g -O2  conftest.c >&5
configure:4598: $? = 0
configure:4615: result: yes
configure:4570: checking for strings.h
configure:4591: gcc -c -g -O2  conftest.c >&5
configure:4598: $? = 0
configure:4615: result: yes
configure:4570: checking for inttypes.h
configure:4591: gcc -c -g -O2  conftest.c >&5
configure:4598: $? = 0
configure:4615: result: yes
configure:4570: checking for stdint.h
configure:4591: gcc -c -g -O2  conftest.c >&5
configure:4598: $? = 0
configure:4615: result: yes
configure:4570: checking for unistd.h
configure:4591: gcc -c -g -O2  conftest.c >&5
configure:4598: $? = 0
configure:4615: result: yes
configure:4633: checking for inttypes.h
configure:4640: result: yes
configure:4780: checking for stdbool.h that conforms to C99
configure:4875: gcc -c -g -O2  conftest.c >&5
configure:4882: $? = 0
configure:4897: result: yes
configure:4899: checking for _Bool
configure:4927: gcc -c -g -O2  conftest.c >&5
configure:4934: $? = 0
configure:4961: gcc -c -g -O2  conftest.c >&5
conftest.c: In function 'main':
conftest.c:57: error: expected expression before ')' token
configure:4968: $? = 1
configure: failed program was:
| /* confdefs.h.  */
| #define PACKAGE_NAME "amule-emc"
| #define PACKAGE_TARNAME "amule-emc"
| #define PACKAGE_VERSION "0.5.2"
| #define PACKAGE_STRING "amule-emc 0.5.2"
| #define PACKAGE_BUGREPORT "wuischke@amule.org"
| #define PACKAGE "amule-emc"
| #define VERSION "0.5.2"
| #define STDC_HEADERS 1
| #define HAVE_SYS_TYPES_H 1
| #define HAVE_SYS_STAT_H 1
| #define HAVE_STDLIB_H 1
| #define HAVE_STRING_H 1
| #define HAVE_MEMORY_H 1
| #define HAVE_STRINGS_H 1
| #define HAVE_INTTYPES_H 1
| #define HAVE_STDINT_H 1
| #define HAVE_UNISTD_H 1
| #define HAVE_INTTYPES_H 1
| /* end confdefs.h.  */
| #include <stdio.h>
| #ifdef HAVE_SYS_TYPES_H
| # include <sys/types.h>
| #endif
| #ifdef HAVE_SYS_STAT_H
| # include <sys/stat.h>
| #endif
| #ifdef STDC_HEADERS
| # include <stdlib.h>
| # include <stddef.h>
| #else
| # ifdef HAVE_STDLIB_H
| #  include <stdlib.h>
| # endif
| #endif
| #ifdef HAVE_STRING_H
| # if !defined STDC_HEADERS && defined HAVE_MEMORY_H
| #  include <memory.h>
| # endif
| # include <string.h>
| #endif
| #ifdef HAVE_STRINGS_H
| # include <strings.h>
| #endif
| #ifdef HAVE_INTTYPES_H
| # include <inttypes.h>
| #endif
| #ifdef HAVE_STDINT_H
| # include <stdint.h>
| #endif
| #ifdef HAVE_UNISTD_H
| # include <unistd.h>
| #endif
| int
| main ()
| {
| if (sizeof ((_Bool)))
| 	  return 0;
|   ;
|   return 0;
| }
configure:4991: result: yes
configure:5011: checking for int8_t
configure:5042: gcc -c -g -O2  conftest.c >&5
configure:5049: $? = 0
configure:5078: gcc -c -g -O2  conftest.c >&5
conftest.c: In function 'main':
conftest.c:60: error: size of array 'test_array' is negative
configure:5085: $? = 1
configure: failed program was:
| /* confdefs.h.  */
| #define PACKAGE_NAME "amule-emc"
| #define PACKAGE_TARNAME "amule-emc"
| #define PACKAGE_VERSION "0.5.2"
| #define PACKAGE_STRING "amule-emc 0.5.2"
| #define PACKAGE_BUGREPORT "wuischke@amule.org"
| #define PACKAGE "amule-emc"
| #define VERSION "0.5.2"
| #define STDC_HEADERS 1
| #define HAVE_SYS_TYPES_H 1
| #define HAVE_SYS_STAT_H 1
| #define HAVE_STDLIB_H 1
| #define HAVE_STRING_H 1
| #define HAVE_MEMORY_H 1
| #define HAVE_STRINGS_H 1
| #define HAVE_INTTYPES_H 1
| #define HAVE_STDINT_H 1
| #define HAVE_UNISTD_H 1
| #define HAVE_INTTYPES_H 1
| #define HAVE__BOOL 1
| #define HAVE_STDBOOL_H 1
| /* end confdefs.h.  */
| #include <stdio.h>
| #ifdef HAVE_SYS_TYPES_H
| # include <sys/types.h>
| #endif
| #ifdef HAVE_SYS_STAT_H
| # include <sys/stat.h>
| #endif
| #ifdef STDC_HEADERS
| # include <stdlib.h>
| # include <stddef.h>
| #else
| # ifdef HAVE_STDLIB_H
| #  include <stdlib.h>
| # endif
| #endif
| #ifdef HAVE_STRING_H
| # if !defined STDC_HEADERS && defined HAVE_MEMORY_H
| #  include <memory.h>
| # endif
| # include <string.h>
| #endif
| #ifdef HAVE_STRINGS_H
| # include <strings.h>
| #endif
| #ifdef HAVE_INTTYPES_H
| # include <inttypes.h>
| #endif
| #ifdef HAVE_STDINT_H
| # include <stdint.h>
| #endif
| #ifdef HAVE_UNISTD_H
| # include <unistd.h>
| #endif
| int
| main ()
| {
| static int test_array [1 - 2 * !((int8_t) ((((int8_t) 1 << (8 - 2)) - 1) * 2 + 1)
| 		 < (int8_t) ((((int8_t) 1 << (8 - 2)) - 1) * 2 + 2))];
| test_array [0] = 0
| 
|   ;
|   return 0;
| }
configure:5114: result: yes
configure:5127: checking for int16_t
configure:5158: gcc -c -g -O2  conftest.c >&5
configure:5165: $? = 0
configure:5194: gcc -c -g -O2  conftest.c >&5
conftest.c: In function 'main':
conftest.c:60: error: size of array 'test_array' is negative
configure:5201: $? = 1
configure: failed program was:
| /* confdefs.h.  */
| #define PACKAGE_NAME "amule-emc"
| #define PACKAGE_TARNAME "amule-emc"
| #define PACKAGE_VERSION "0.5.2"
| #define PACKAGE_STRING "amule-emc 0.5.2"
| #define PACKAGE_BUGREPORT "wuischke@amule.org"
| #define PACKAGE "amule-emc"
| #define VERSION "0.5.2"
| #define STDC_HEADERS 1
| #define HAVE_SYS_TYPES_H 1
| #define HAVE_SYS_STAT_H 1
| #define HAVE_STDLIB_H 1
| #define HAVE_STRING_H 1
| #define HAVE_MEMORY_H 1
| #define HAVE_STRINGS_H 1
| #define HAVE_INTTYPES_H 1
| #define HAVE_STDINT_H 1
| #define HAVE_UNISTD_H 1
| #define HAVE_INTTYPES_H 1
| #define HAVE__BOOL 1
| #define HAVE_STDBOOL_H 1
| /* end confdefs.h.  */
| #include <stdio.h>
| #ifdef HAVE_SYS_TYPES_H
| # include <sys/types.h>
| #endif
| #ifdef HAVE_SYS_STAT_H
| # include <sys/stat.h>
| #endif
| #ifdef STDC_HEADERS
| # include <stdlib.h>
| # include <stddef.h>
| #else
| # ifdef HAVE_STDLIB_H
| #  include <stdlib.h>
| # endif
| #endif
| #ifdef HAVE_STRING_H
| # if !defined STDC_HEADERS && defined HAVE_MEMORY_H
| #  include <memory.h>
| # endif
| # include <string.h>
| #endif
| #ifdef HAVE_STRINGS_H
| # include <strings.h>
| #endif
| #ifdef HAVE_INTTYPES_H
| # include <inttypes.h>
| #endif
| #ifdef HAVE_STDINT_H
| # include <stdint.h>
| #endif
| #ifdef HAVE_UNISTD_H
| # include <unistd.h>
| #endif
| int
| main ()
| {
| static int test_array [1 - 2 * !((int16_t) ((((int16_t) 1 << (16 - 2)) - 1) * 2 + 1)
| 		 < (int16_t) ((((int16_t) 1 << (16 - 2)) - 1) * 2 + 2))];
| test_array [0] = 0
| 
|   ;
|   return 0;
| }
configure:5230: result: yes
configure:5243: checking for int32_t
configure:5274: gcc -c -g -O2  conftest.c >&5
configure:5281: $? = 0
configure:5310: gcc -c -g -O2  conftest.c >&5
conftest.c: In function 'main':
conftest.c:60: warning: integer overflow in expression
conftest.c:60: error: size of array 'test_array' is negative
configure:5317: $? = 1
configure: failed program was:
| /* confdefs.h.  */
| #define PACKAGE_NAME "amule-emc"
| #define PACKAGE_TARNAME "amule-emc"
| #define PACKAGE_VERSION "0.5.2"
| #define PACKAGE_STRING "amule-emc 0.5.2"
| #define PACKAGE_BUGREPORT "wuischke@amule.org"
| #define PACKAGE "amule-emc"
| #define VERSION "0.5.2"
| #define STDC_HEADERS 1
| #define HAVE_SYS_TYPES_H 1
| #define HAVE_SYS_STAT_H 1
| #define HAVE_STDLIB_H 1
| #define HAVE_STRING_H 1
| #define HAVE_MEMORY_H 1
| #define HAVE_STRINGS_H 1
| #define HAVE_INTTYPES_H 1
| #define HAVE_STDINT_H 1
| #define HAVE_UNISTD_H 1
| #define HAVE_INTTYPES_H 1
| #define HAVE__BOOL 1
| #define HAVE_STDBOOL_H 1
| /* end confdefs.h.  */
| #include <stdio.h>
| #ifdef HAVE_SYS_TYPES_H
| # include <sys/types.h>
| #endif
| #ifdef HAVE_SYS_STAT_H
| # include <sys/stat.h>
| #endif
| #ifdef STDC_HEADERS
| # include <stdlib.h>
| # include <stddef.h>
| #else
| # ifdef HAVE_STDLIB_H
| #  include <stdlib.h>
| # endif
| #endif
| #ifdef HAVE_STRING_H
| # if !defined STDC_HEADERS && defined HAVE_MEMORY_H
| #  include <memory.h>
| # endif
| # include <string.h>
| #endif
| #ifdef HAVE_STRINGS_H
| # include <strings.h>
| #endif
| #ifdef HAVE_INTTYPES_H
| # include <inttypes.h>
| #endif
| #ifdef HAVE_STDINT_H
| # include <stdint.h>
| #endif
| #ifdef HAVE_UNISTD_H
| # include <unistd.h>
| #endif
| int
| main ()
| {
| static int test_array [1 - 2 * !((int32_t) ((((int32_t) 1 << (32 - 2)) - 1) * 2 + 1)
| 		 < (int32_t) ((((int32_t) 1 << (32 - 2)) - 1) * 2 + 2))];
| test_array [0] = 0
| 
|   ;
|   return 0;
| }
configure:5346: result: yes
configure:5359: checking for int64_t
configure:5390: gcc -c -g -O2  conftest.c >&5
configure:5397: $? = 0
configure:5426: gcc -c -g -O2  conftest.c >&5
conftest.c: In function 'main':
conftest.c:60: warning: integer overflow in expression
conftest.c:60: error: size of array 'test_array' is negative
configure:5433: $? = 1
configure: failed program was:
| /* confdefs.h.  */
| #define PACKAGE_NAME "amule-emc"
| #define PACKAGE_TARNAME "amule-emc"
| #define PACKAGE_VERSION "0.5.2"
| #define PACKAGE_STRING "amule-emc 0.5.2"
| #define PACKAGE_BUGREPORT "wuischke@amule.org"
| #define PACKAGE "amule-emc"
| #define VERSION "0.5.2"
| #define STDC_HEADERS 1
| #define HAVE_SYS_TYPES_H 1
| #define HAVE_SYS_STAT_H 1
| #define HAVE_STDLIB_H 1
| #define HAVE_STRING_H 1
| #define HAVE_MEMORY_H 1
| #define HAVE_STRINGS_H 1
| #define HAVE_INTTYPES_H 1
| #define HAVE_STDINT_H 1
| #define HAVE_UNISTD_H 1
| #define HAVE_INTTYPES_H 1
| #define HAVE__BOOL 1
| #define HAVE_STDBOOL_H 1
| /* end confdefs.h.  */
| #include <stdio.h>
| #ifdef HAVE_SYS_TYPES_H
| # include <sys/types.h>
| #endif
| #ifdef HAVE_SYS_STAT_H
| # include <sys/stat.h>
| #endif
| #ifdef STDC_HEADERS
| # include <stdlib.h>
| # include <stddef.h>
| #else
| # ifdef HAVE_STDLIB_H
| #  include <stdlib.h>
| # endif
| #endif
| #ifdef HAVE_STRING_H
| # if !defined STDC_HEADERS && defined HAVE_MEMORY_H
| #  include <memory.h>
| # endif
| # include <string.h>
| #endif
| #ifdef HAVE_STRINGS_H
| # include <strings.h>
| #endif
| #ifdef HAVE_INTTYPES_H
| # include <inttypes.h>
| #endif
| #ifdef HAVE_STDINT_H
| # include <stdint.h>
| #endif
| #ifdef HAVE_UNISTD_H
| # include <unistd.h>
| #endif
| int
| main ()
| {
| static int test_array [1 - 2 * !((int64_t) ((((int64_t) 1 << (64 - 2)) - 1) * 2 + 1)
| 		 < (int64_t) ((((int64_t) 1 << (64 - 2)) - 1) * 2 + 2))];
| test_array [0] = 0
| 
|   ;
|   return 0;
| }
configure:5462: result: yes
configure:5474: checking for size_t
configure:5502: gcc -c -g -O2  conftest.c >&5
configure:5509: $? = 0
configure:5536: gcc -c -g -O2  conftest.c >&5
conftest.c: In function 'main':
conftest.c:59: error: expected expression before ')' token
configure:5543: $? = 1
configure: failed program was:
| /* confdefs.h.  */
| #define PACKAGE_NAME "amule-emc"
| #define PACKAGE_TARNAME "amule-emc"
| #define PACKAGE_VERSION "0.5.2"
| #define PACKAGE_STRING "amule-emc 0.5.2"
| #define PACKAGE_BUGREPORT "wuischke@amule.org"
| #define PACKAGE "amule-emc"
| #define VERSION "0.5.2"
| #define STDC_HEADERS 1
| #define HAVE_SYS_TYPES_H 1
| #define HAVE_SYS_STAT_H 1
| #define HAVE_STDLIB_H 1
| #define HAVE_STRING_H 1
| #define HAVE_MEMORY_H 1
| #define HAVE_STRINGS_H 1
| #define HAVE_INTTYPES_H 1
| #define HAVE_STDINT_H 1
| #define HAVE_UNISTD_H 1
| #define HAVE_INTTYPES_H 1
| #define HAVE__BOOL 1
| #define HAVE_STDBOOL_H 1
| /* end confdefs.h.  */
| #include <stdio.h>
| #ifdef HAVE_SYS_TYPES_H
| # include <sys/types.h>
| #endif
| #ifdef HAVE_SYS_STAT_H
| # include <sys/stat.h>
| #endif
| #ifdef STDC_HEADERS
| # include <stdlib.h>
| # include <stddef.h>
| #else
| # ifdef HAVE_STDLIB_H
| #  include <stdlib.h>
| # endif
| #endif
| #ifdef HAVE_STRING_H
| # if !defined STDC_HEADERS && defined HAVE_MEMORY_H
| #  include <memory.h>
| # endif
| # include <string.h>
| #endif
| #ifdef HAVE_STRINGS_H
| # include <strings.h>
| #endif
| #ifdef HAVE_INTTYPES_H
| # include <inttypes.h>
| #endif
| #ifdef HAVE_STDINT_H
| # include <stdint.h>
| #endif
| #ifdef HAVE_UNISTD_H
| # include <unistd.h>
| #endif
| int
| main ()
| {
| if (sizeof ((size_t)))
| 	  return 0;
|   ;
|   return 0;
| }
configure:5566: result: yes
configure:5579: checking for uint8_t
configure:5610: gcc -c -g -O2  conftest.c >&5
configure:5617: $? = 0
configure:5638: result: yes
configure:5656: checking for uint16_t
configure:5687: gcc -c -g -O2  conftest.c >&5
configure:5694: $? = 0
configure:5715: result: yes
configure:5729: checking for uint32_t
configure:5760: gcc -c -g -O2  conftest.c >&5
configure:5767: $? = 0
configure:5788: result: yes
configure:5806: checking for uint64_t
configure:5837: gcc -c -g -O2  conftest.c >&5
configure:5844: $? = 0
configure:5865: result: yes
configure:6044: creating ./config.status

## ---------------------- ##
## Running config.status. ##
## ---------------------- ##

This file was extended by amule-emc config.status 0.5.2, which was
generated by GNU Autoconf 2.62.  Invocation command line was

  CONFIG_FILES    = 
  CONFIG_HEADERS  = 
  CONFIG_LINKS    = 
  CONFIG_COMMANDS = 
  $ ./config.status 

on arch64

config.status:699: creating Makefile
config.status:699: creating src/Makefile
config.status:699: creating man/Makefile
config.status:910: executing depfiles commands

## ---------------- ##
## Cache variables. ##
## ---------------- ##

ac_cv_c_compiler_gnu=yes
ac_cv_c_int16_t=yes
ac_cv_c_int32_t=yes
ac_cv_c_int64_t=yes
ac_cv_c_int8_t=yes
ac_cv_c_uint16_t=yes
ac_cv_c_uint32_t=yes
ac_cv_c_uint64_t=yes
ac_cv_c_uint8_t=yes
ac_cv_cxx_compiler_gnu=yes
ac_cv_env_CCC_set=
ac_cv_env_CCC_value=
ac_cv_env_CC_set=
ac_cv_env_CC_value=
ac_cv_env_CFLAGS_set=
ac_cv_env_CFLAGS_value=
ac_cv_env_CPPFLAGS_set=
ac_cv_env_CPPFLAGS_value=
ac_cv_env_CPP_set=
ac_cv_env_CPP_value=
ac_cv_env_CXXFLAGS_set=
ac_cv_env_CXXFLAGS_value=
ac_cv_env_CXX_set=
ac_cv_env_CXX_value=
ac_cv_env_LDFLAGS_set=
ac_cv_env_LDFLAGS_value=
ac_cv_env_LIBS_set=
ac_cv_env_LIBS_value=
ac_cv_env_build_alias_set=
ac_cv_env_build_alias_value=
ac_cv_env_host_alias_set=
ac_cv_env_host_alias_value=
ac_cv_env_target_alias_set=
ac_cv_env_target_alias_value=
ac_cv_header_inttypes_h=yes
ac_cv_header_memory_h=yes
ac_cv_header_stdbool_h=yes
ac_cv_header_stdc=yes
ac_cv_header_stdint_h=yes
ac_cv_header_stdlib_h=yes
ac_cv_header_string_h=yes
ac_cv_header_strings_h=yes
ac_cv_header_sys_stat_h=yes
ac_cv_header_sys_types_h=yes
ac_cv_header_unistd_h=yes
ac_cv_objext=o
ac_cv_path_EGREP='/bin/grep -E'
ac_cv_path_GREP=/bin/grep
ac_cv_path_install='/bin/install -c'
ac_cv_path_mkdir=/bin/mkdir
ac_cv_prog_AWK=gawk
ac_cv_prog_CPP='gcc -E'
ac_cv_prog_ac_ct_CC=gcc
ac_cv_prog_ac_ct_CXX=g++
ac_cv_prog_cc_c89=
ac_cv_prog_cc_g=yes
ac_cv_prog_cxx_g=yes
ac_cv_prog_make_make_set=yes
ac_cv_type__Bool=yes
ac_cv_type_size_t=yes
am_cv_CC_dependencies_compiler_type=gcc3
am_cv_CXX_dependencies_compiler_type=gcc3

## ----------------- ##
## Output variables. ##
## ----------------- ##

ACLOCAL='${SHELL} /home/johkra/amule-emc/v0.5/missing --run aclocal-1.10'
AMDEPBACKSLASH='\'
AMDEP_FALSE='#'
AMDEP_TRUE=''
AMTAR='${SHELL} /home/johkra/amule-emc/v0.5/missing --run tar'
AUTOCONF='${SHELL} /home/johkra/amule-emc/v0.5/missing --run autoconf'
AUTOHEADER='${SHELL} /home/johkra/amule-emc/v0.5/missing --run autoheader'
AUTOMAKE='${SHELL} /home/johkra/amule-emc/v0.5/missing --run automake-1.10'
AWK='gawk'
CC='gcc'
CCDEPMODE='depmode=gcc3'
CFLAGS='-g -O2'
CPP='gcc -E'
CPPFLAGS=''
CXX='g++'
CXXDEPMODE='depmode=gcc3'
CXXFLAGS='-g -O2'
CYGPATH_W='echo'
DEFS='-DPACKAGE_NAME=\"amule-emc\" -DPACKAGE_TARNAME=\"amule-emc\" -DPACKAGE_VERSION=\"0.5.2\" -DPACKAGE_STRING=\"amule-emc\ 0.5.2\" -DPACKAGE_BUGREPORT=\"wuischke@amule.org\" -DPACKAGE=\"amule-emc\" -DVERSION=\"0.5.2\" -DSTDC_HEADERS=1 -DHAVE_SYS_TYPES_H=1 -DHAVE_SYS_STAT_H=1 -DHAVE_STDLIB_H=1 -DHAVE_STRING_H=1 -DHAVE_MEMORY_H=1 -DHAVE_STRINGS_H=1 -DHAVE_INTTYPES_H=1 -DHAVE_STDINT_H=1 -DHAVE_UNISTD_H=1 -DHAVE_INTTYPES_H=1 -DHAVE__BOOL=1 -DHAVE_STDBOOL_H=1'
DEPDIR='.deps'
ECHO_C=''
ECHO_N='-n'
ECHO_T=''
EGREP='/bin/grep -E'
EXEEXT=''
GREP='/bin/grep'
INSTALL_DATA='${INSTALL} -m 644'
INSTALL_PROGRAM='${INSTALL}'
INSTALL_SCRIPT='${INSTALL}'
INSTALL_STRIP_PROGRAM='$(install_sh) -c -s'
LDFLAGS=''
LIBOBJS=''
LIBS=''
LTLIBOBJS=''
MAKEINFO='${SHELL} /home/johkra/amule-emc/v0.5/missing --run makeinfo'
MKDIR_P='/bin/mkdir -p'
OBJEXT='o'
PACKAGE='amule-emc'
PACKAGE_BUGREPORT='wuischke@amule.org'
PACKAGE_NAME='amule-emc'
PACKAGE_STRING='amule-emc 0.5.2'
PACKAGE_TARNAME='amule-emc'
PACKAGE_VERSION='0.5.2'
PATH_SEPARATOR=':'
SET_MAKE=''
SHELL='/bin/sh'
STRIP=''
VERSION='0.5.2'
ac_ct_CC='gcc'
ac_ct_CXX='g++'
am__fastdepCC_FALSE='#'
am__fastdepCC_TRUE=''
am__fastdepCXX_FALSE='#'
am__fastdepCXX_TRUE=''
am__include='include'
am__isrc=''
am__leading_dot='.'
am__quote=''
am__tar='${AMTAR} chof - "$$tardir"'
am__untar='${AMTAR} xf -'
bindir='${exec_prefix}/bin'
build_alias=''
datadir='${datarootdir}'
datarootdir='${prefix}/share'
docdir='${datarootdir}/doc/${PACKAGE_TARNAME}'
dvidir='${docdir}'
exec_prefix='${prefix}'
host_alias=''
htmldir='${docdir}'
includedir='${prefix}/include'
infodir='${datarootdir}/info'
install_sh='$(SHELL) /home/johkra/amule-emc/v0.5/install-sh'
libdir='${exec_prefix}/lib'
libexecdir='${exec_prefix}/libexec'
localedir='${datarootdir}/locale'
localstatedir='${prefix}/var'
mandir='${datarootdir}/man'
mkdir_p='/bin/mkdir -p'
oldincludedir='/usr/include'
pdfdir='${docdir}'
prefix='/usr/local'
program_transform_name='s,x,x,'
psdir='${docdir}'
sbindir='${exec_prefix}/sbin'
sharedstatedir='${prefix}/com'
sysconfdir='${prefix}/etc'
target_alias=''

## ----------- ##
## confdefs.h. ##
## ----------- ##

#define PACKAGE_NAME "amule-emc"
#define PACKAGE_TARNAME "amule-emc"
#define PACKAGE_VERSION "0.5.2"
#define PACKAGE_STRING "amule-emc 0.5.2"
#define PACKAGE_BUGREPORT "wuischke@amule.org"
#define PACKAGE "amule-emc"
#define VERSION "0.5.2"
#define STDC_HEADERS 1
#define HAVE_SYS_TYPES_H 1
#define HAVE_SYS_STAT_H 1
#define HAVE_STDLIB_H 1
#define HAVE_STRING_H 1
#define HAVE_MEMORY_H 1
#define HAVE_STRINGS_H 1
#define HAVE_INTTYPES_H 1
#define HAVE_STDINT_H 1
#define HAVE_UNISTD_H 1
#define HAVE_INTTYPES_H 1
#define HAVE__BOOL 1
#define HAVE_STDBOOL_H 1

configure: exit 0
